<?xml version="1.0" encoding="UTF-8"?>
<!-- Generated by org.testng.reporters.JUnitReportReporter -->
<testsuite hostname="LAPTOP-D2GMMON9" failures="0" tests="1" name="com.Appium1.AppiumTest.setWifi" time="7.950" errors="0" timestamp="2024-03-05T21:04:16 IST" skipped="0">
  <testcase classname="com.Appium1.AppiumTest.setWifi" name="setWifiTest" time="7.950"/>
</testsuite> <!-- com.Appium1.AppiumTest.setWifi -->
