<?xml version="1.0" encoding="UTF-8"?>
<!-- Generated by org.testng.reporters.JUnitReportReporter -->
<testsuite hostname="LAPTOP-D2GMMON9" failures="0" tests="1" name="com.Appium1.AppiumTest.Base" time="11.846" errors="0" timestamp="2024-02-21T19:52:44 IST" skipped="0">
  <testcase classname="com.Appium1.AppiumTest.Base" name="configureAppium" time="11.846"/>
</testsuite> <!-- com.Appium1.AppiumTest.Base -->
