<?xml version="1.0" encoding="UTF-8"?>
<!-- Generated by org.testng.reporters.JUnitReportReporter -->
<testsuite hostname="LAPTOP-D2GMMON9" failures="0" tests="1" name="com.Appium1.AppiumTest.LongPress" time="9.963" errors="0" timestamp="2024-03-06T21:28:22 IST" skipped="0">
  <testcase classname="com.Appium1.AppiumTest.LongPress" name="longpressTest" time="9.963"/>
</testsuite> <!-- com.Appium1.AppiumTest.LongPress -->
