<?xml version="1.0" encoding="UTF-8"?>
<!-- Generated by org.testng.reporters.JUnitReportReporter -->
<testsuite hostname="LAPTOP-D2GMMON9" failures="0" tests="1" name="com.Appium1.AppiumTest.ScrollDemoTest" time="9.452" errors="0" timestamp="2024-03-07T21:05:45 IST" skipped="0">
  <testcase classname="com.Appium1.AppiumTest.ScrollDemoTest" name="scrollTest" time="9.452"/>
</testsuite> <!-- com.Appium1.AppiumTest.ScrollDemoTest -->
